2024-09-12 10:32:26,603 [INFO] Activator:176 - 


2024-09-12 10:32:26,609 [INFO] Activator:177 - !SESSION log4j initialized
2024-09-12 10:32:32,562 [ERROR] LogOutputStream:75 - [STDERR_REDIRECT] 
2024-09-12 10:32:32,994 [INFO] LogOutputStream:77 - [STDOUT_REDIRECT] 
2024-09-12 10:32:34,468 [ERROR] LogOutputStream:75 - [STDERR_REDIRECT] [Fatal Error] :2:10: DOCTYPE is disallowed when the feature "http://apache.org/xml/features/disallow-doctype-decl" set to true.
2024-09-12 10:32:34,469 [ERROR] LogOutputStream:75 - [STDERR_REDIRECT] 
2024-09-12 10:32:36,451 [INFO] LogOutputStream:77 - [STDOUT_REDIRECT] 
2024-09-12 10:32:39,104 [INFO] ApplicationProperties:184 - Using Application install path: /Applications/STM32CubeIDE.app/Contents/Eclipse/plugins/com.st.stm32cube.common.mx_6.11.1.202404110753
2024-09-12 10:32:39,116 [INFO] DbMcusXml:78 - Set database path to: /Applications/STM32CubeIDE.app/Contents/Eclipse/plugins/com.st.stm32cube.common.mx_6.11.1.202404110753//db//mcu/
2024-09-12 10:32:39,117 [INFO] ApiDb:274 - Set plugin database path to: /Applications/STM32CubeIDE.app/Contents/Eclipse/plugins/com.st.stm32cube.common.mx_6.11.1.202404110753//db//plugins/boardmanager/
2024-09-12 10:32:39,117 [WARN] ApiDb:259 - Overriding images path with different value:  => /Applications/STM32CubeIDE.app/Contents/Eclipse/plugins/com.st.stm32cube.common.mx_6.11.1.202404110753//db//plugins/mcufinder/images/
2024-09-12 10:32:39,125 [INFO] ApiDb:250 - Set database path to: /Users/macbookair/.stmcufinder/plugins/mcufinder//mcu/
2024-09-12 10:32:39,126 [INFO] DbMcusAds:125 - Set database path to: /Users/macbookair/.stmcufinder/plugins/mcufinder//mcu/
2024-09-12 10:32:39,127 [INFO] CrossReferenceDbSqlite:203 - Set database path to: /Users/macbookair/.stmcufinder/plugins/mcufinder//mcu/cs/
2024-09-12 10:32:39,339 [INFO] RulesReader:64 - Compatibility file has been processed (297 Rules)
2024-09-12 10:32:39,409 [INFO] DbMcusXml:78 - Set database path to: /Applications/STM32CubeIDE.app/Contents/Eclipse/plugins/com.st.stm32cube.common.mx_6.11.1.202404110753//db//mcu/
2024-09-12 10:32:39,409 [INFO] ApiDb:274 - Set plugin database path to: /Applications/STM32CubeIDE.app/Contents/Eclipse/plugins/com.st.stm32cube.common.mx_6.11.1.202404110753//db//plugins/boardmanager/
2024-09-12 10:32:39,409 [INFO] ApiDb:261 - Set plugin images path to: /Applications/STM32CubeIDE.app/Contents/Eclipse/plugins/com.st.stm32cube.common.mx_6.11.1.202404110753//db//plugins/mcufinder/images/
2024-09-12 10:32:39,410 [WARN] DbFile:41 - Overriding database path with different value: /Users/macbookair/.stmcufinder/plugins/mcufinder/ => /Users/macbookair/.stmcufinder/plugins/mcufinder
2024-09-12 10:32:39,410 [INFO] ApiDb:250 - Set database path to: /Users/macbookair/.stmcufinder/plugins/mcufinder//mcu/
2024-09-12 10:32:39,410 [WARN] DbFile:41 - Overriding database path with different value: /Users/macbookair/.stmcufinder/plugins/mcufinder/ => /Users/macbookair/.stmcufinder/plugins/mcufinder
2024-09-12 10:32:39,410 [INFO] DbMcusAds:125 - Set database path to: /Users/macbookair/.stmcufinder/plugins/mcufinder//mcu/
2024-09-12 10:32:39,410 [WARN] DbFile:41 - Overriding database path with different value: /Users/macbookair/.stmcufinder/plugins/mcufinder/ => /Users/macbookair/.stmcufinder/plugins/mcufinder
2024-09-12 10:32:39,410 [WARN] DbFile:41 - Overriding database path with different value: /Users/macbookair/.stmcufinder/plugins/mcufinder/ => /Users/macbookair/.stmcufinder/plugins/mcufinder
2024-09-12 10:32:39,410 [INFO] CrossReferenceDbSqlite:203 - Set database path to: /Users/macbookair/.stmcufinder/plugins/mcufinder//mcu/cs/
2024-09-12 10:32:39,481 [INFO] MainPanel:264 - HeapMemory: 268435456
2024-09-12 10:32:39,548 [INFO] DbMcusXml:78 - Set database path to: /Applications/STM32CubeIDE.app/Contents/Eclipse/plugins/com.st.stm32cube.common.mx_6.11.1.202404110753//db//mcu/
2024-09-12 10:32:39,548 [INFO] ApiDb:274 - Set plugin database path to: /Applications/STM32CubeIDE.app/Contents/Eclipse/plugins/com.st.stm32cube.common.mx_6.11.1.202404110753//db//plugins/boardmanager/
2024-09-12 10:32:39,548 [INFO] ApiDb:261 - Set plugin images path to: /Applications/STM32CubeIDE.app/Contents/Eclipse/plugins/com.st.stm32cube.common.mx_6.11.1.202404110753//db//plugins/mcufinder/images/
2024-09-12 10:32:39,548 [WARN] DbFile:41 - Overriding database path with different value: /Users/macbookair/.stmcufinder/plugins/mcufinder/ => /Users/macbookair/.stmcufinder/plugins/mcufinder
2024-09-12 10:32:39,548 [INFO] ApiDb:250 - Set database path to: /Users/macbookair/.stmcufinder/plugins/mcufinder//mcu/
2024-09-12 10:32:39,548 [WARN] DbFile:41 - Overriding database path with different value: /Users/macbookair/.stmcufinder/plugins/mcufinder/ => /Users/macbookair/.stmcufinder/plugins/mcufinder
2024-09-12 10:32:39,548 [INFO] DbMcusAds:125 - Set database path to: /Users/macbookair/.stmcufinder/plugins/mcufinder//mcu/
2024-09-12 10:32:39,548 [WARN] DbFile:41 - Overriding database path with different value: /Users/macbookair/.stmcufinder/plugins/mcufinder/ => /Users/macbookair/.stmcufinder/plugins/mcufinder
2024-09-12 10:32:39,548 [WARN] DbFile:41 - Overriding database path with different value: /Users/macbookair/.stmcufinder/plugins/mcufinder/ => /Users/macbookair/.stmcufinder/plugins/mcufinder
2024-09-12 10:32:39,548 [INFO] CrossReferenceDbSqlite:203 - Set database path to: /Users/macbookair/.stmcufinder/plugins/mcufinder//mcu/cs/
2024-09-12 10:32:39,561 [INFO] ApplicationProperties:184 - Using Application install path: /Applications/STM32CubeIDE.app/Contents/Eclipse/plugins/com.st.stm32cube.common.mx_6.11.1.202404110753
2024-09-12 10:32:39,561 [INFO] PluginManage:196 - Search for loadable plugins [exclusion list=, ]
2024-09-12 10:32:39,562 [INFO] PluginManage:310 - Check plugin analytics
2024-09-12 10:32:39,744 [INFO] AnalyticsPlugin:253 - Accepted Software Licenses: 
2024-09-12 10:32:39,744 [INFO] AnalyticsPlugin:255 - Accepted CMSIS Pack Licenses: 
2024-09-12 10:32:39,744 [INFO] AnalyticsPlugin:257 - Accepted Firmware Licenses: 
2024-09-12 10:32:39,753 [INFO] PluginManage:359 - Loaded plugin analytics (category:tool,tabindex:-1)
2024-09-12 10:32:39,755 [INFO] PluginManage:310 - Check plugin cadmodel
2024-09-12 10:32:40,319 [INFO] CADModel:105 - Init CAD model plugin
2024-09-12 10:32:40,319 [INFO] PluginManage:359 - Loaded plugin cadmodel (category:power,tabindex:5)
2024-09-12 10:32:40,320 [INFO] PluginManage:310 - Check plugin clock
2024-09-12 10:32:40,328 [INFO] PluginManage:359 - Loaded plugin clock (category:base,tabindex:2)
2024-09-12 10:32:40,329 [INFO] PluginManage:310 - Check plugin ddr
2024-09-12 10:32:40,330 [INFO] PluginManage:359 - Loaded plugin ddr (category:tool,tabindex:6)
2024-09-12 10:32:40,330 [INFO] PluginManage:310 - Check plugin filemanager
2024-09-12 10:32:40,544 [INFO] PluginManage:359 - Loaded plugin filemanager (category:base,tabindex:10)
2024-09-12 10:32:40,547 [INFO] PluginManage:310 - Check plugin ipmanager
2024-09-12 10:32:40,562 [INFO] PluginManage:359 - Loaded plugin ipmanager (category:base,tabindex:5)
2024-09-12 10:32:40,562 [INFO] PluginManage:310 - Check plugin lpbam
2024-09-12 10:32:40,578 [INFO] PluginManage:359 - Loaded plugin lpbam (category:base,tabindex:0)
2024-09-12 10:32:40,578 [INFO] PluginManage:310 - Check plugin memorymap
2024-09-12 10:32:40,587 [INFO] PluginManage:359 - Loaded plugin memorymap (category:base,tabindex:4)
2024-09-12 10:32:40,587 [INFO] PluginManage:310 - Check plugin pinoutandconfiguration
2024-09-12 10:32:40,591 [INFO] PluginManage:359 - Loaded plugin pinoutandconfiguration (category:base,tabindex:1)
2024-09-12 10:32:40,592 [INFO] PluginManage:310 - Check plugin pinoutconfig
2024-09-12 10:32:40,674 [WARN] SupportedApi:132 - Cannot load RTOS API schema: s4s-elt-must-match.1: The content of 'definitions' must match (annotation?, (simpleType | complexType)?, (unique | key | keyref)*)). A problem was found starting at: attribute.
2024-09-12 10:32:40,798 [INFO] PluginManage:359 - Loaded plugin pinoutconfig (category:base,tabindex:0)
2024-09-12 10:32:40,798 [INFO] PluginManage:310 - Check plugin power
2024-09-12 10:32:40,812 [INFO] PluginManage:359 - Loaded plugin power (category:power,tabindex:4)
2024-09-12 10:32:40,812 [INFO] PluginManage:310 - Check plugin projectmanager
2024-09-12 10:32:40,837 [INFO] PluginManage:359 - Loaded plugin projectmanager (category:projectmanager,tabindex:3)
2024-09-12 10:32:40,837 [INFO] PluginManage:310 - Check plugin thirdparty
2024-09-12 10:32:40,957 [INFO] PluginManage:359 - Loaded plugin thirdparty (category:base,tabindex:-1)
2024-09-12 10:32:40,957 [INFO] PluginManage:310 - Check plugin tools
2024-09-12 10:32:40,957 [WARN] IntegrityCheckThread:84 - waiting for thirdparty lock release [integrity check]
2024-09-12 10:32:40,959 [INFO] IntegrityCheckThread:86 - entering critical section [integrity check]
2024-09-12 10:32:40,960 [INFO] ThirdPartyUpdaterWithRetryManager:70 - Updater plugin not ready yet. [1/15]
2024-09-12 10:32:40,960 [INFO] PluginManage:359 - Loaded plugin tools (category:base,tabindex:7)
2024-09-12 10:32:40,960 [INFO] PluginManage:310 - Check plugin tutovideos
2024-09-12 10:32:41,104 [INFO] PluginManage:359 - Loaded plugin tutovideos (category:base,tabindex:-1)
2024-09-12 10:32:41,105 [INFO] PluginManage:310 - Check plugin updater
2024-09-12 10:32:41,120 [INFO] PluginManage:359 - Loaded plugin updater (category:base,tabindex:12)
2024-09-12 10:32:41,120 [INFO] PluginManage:310 - Check plugin userauth
2024-09-12 10:32:41,125 [INFO] UserAuth:114 - Init User Auth plugin
2024-09-12 10:32:41,125 [INFO] PluginManage:359 - Loaded plugin userauth (category:base,tabindex:14)
2024-09-12 10:32:41,126 [INFO] PluginManage:283 - PluginManage : Loaded plugins [17]
2024-09-12 10:32:41,375 [INFO] PinOutPanel:1561 - setPackage(No Configuration,No Configuration)
2024-09-12 10:32:41,425 [INFO] CADModel:165 - CPN selected for project level
2024-09-12 10:32:41,425 [INFO] CADModel:114 - Register for checkConnection events
2024-09-12 10:32:41,434 [INFO] IPUIPlugin:80 - create IPUIPlugin
2024-09-12 10:32:41,434 [INFO] PluginManager:220 - loadIPPluginJar : add mdma
2024-09-12 10:32:41,439 [INFO] IPUIPlugin:80 - create IPUIPlugin
2024-09-12 10:32:41,439 [INFO] PluginManager:220 - loadIPPluginJar : add freertos
2024-09-12 10:32:41,441 [INFO] IPUIPlugin:80 - create IPUIPlugin
2024-09-12 10:32:41,441 [INFO] PluginManager:220 - loadIPPluginJar : add gic
2024-09-12 10:32:41,445 [INFO] IPUIPlugin:80 - create IPUIPlugin
2024-09-12 10:32:41,445 [INFO] PluginManager:220 - loadIPPluginJar : add adc
2024-09-12 10:32:41,447 [INFO] IPUIPlugin:80 - create IPUIPlugin
2024-09-12 10:32:41,447 [INFO] PluginManager:220 - loadIPPluginJar : add gtzc
2024-09-12 10:32:41,448 [INFO] IPUIPlugin:80 - create IPUIPlugin
2024-09-12 10:32:41,448 [INFO] PluginManager:220 - loadIPPluginJar : add quadspi
2024-09-12 10:32:41,449 [INFO] IPUIPlugin:80 - create IPUIPlugin
2024-09-12 10:32:41,449 [INFO] PluginManager:220 - loadIPPluginJar : add aes
2024-09-12 10:32:41,451 [INFO] IPUIPlugin:80 - create IPUIPlugin
2024-09-12 10:32:41,451 [INFO] PluginManager:220 - loadIPPluginJar : add pdm2pcm
2024-09-12 10:32:41,452 [INFO] IPUIPlugin:80 - create IPUIPlugin
2024-09-12 10:32:41,452 [INFO] PluginManager:220 - loadIPPluginJar : add hash
2024-09-12 10:32:41,453 [INFO] IPUIPlugin:80 - create IPUIPlugin
2024-09-12 10:32:41,453 [INFO] PluginManager:220 - loadIPPluginJar : add tim
2024-09-12 10:32:41,454 [INFO] IPUIPlugin:80 - create IPUIPlugin
2024-09-12 10:32:41,454 [INFO] PluginManager:220 - loadIPPluginJar : add tsc
2024-09-12 10:32:41,456 [INFO] IPUIPlugin:80 - create IPUIPlugin
2024-09-12 10:32:41,456 [INFO] PluginManager:220 - loadIPPluginJar : add extmemmanager
2024-09-12 10:32:41,458 [INFO] IPUIPlugin:80 - create IPUIPlugin
2024-09-12 10:32:41,458 [INFO] PluginManager:220 - loadIPPluginJar : add ts
2024-09-12 10:32:41,459 [INFO] IPUIPlugin:80 - create IPUIPlugin
2024-09-12 10:32:41,459 [INFO] PluginManager:220 - loadIPPluginJar : add can
2024-09-12 10:32:41,461 [INFO] IPUIPlugin:80 - create IPUIPlugin
2024-09-12 10:32:41,461 [INFO] PluginManager:220 - loadIPPluginJar : add dma3
2024-09-12 10:32:41,462 [INFO] IPUIPlugin:80 - create IPUIPlugin
2024-09-12 10:32:41,462 [INFO] PluginManager:220 - loadIPPluginJar : add dfsdm
2024-09-12 10:32:41,463 [INFO] IPUIPlugin:80 - create IPUIPlugin
2024-09-12 10:32:41,463 [INFO] PluginManager:220 - loadIPPluginJar : add spi
2024-09-12 10:32:41,464 [INFO] IPUIPlugin:80 - create IPUIPlugin
2024-09-12 10:32:41,464 [INFO] PluginManager:220 - loadIPPluginJar : add gfxmmu
2024-09-12 10:32:41,464 [INFO] IPUIPlugin:80 - create IPUIPlugin
2024-09-12 10:32:41,464 [INFO] PluginManager:220 - loadIPPluginJar : add genericplugin
2024-09-12 10:32:41,465 [INFO] IPUIPlugin:80 - create IPUIPlugin
2024-09-12 10:32:41,466 [INFO] PluginManager:220 - loadIPPluginJar : add cryp
2024-09-12 10:32:41,468 [INFO] IPUIPlugin:80 - create IPUIPlugin
2024-09-12 10:32:41,468 [INFO] PluginManager:220 - loadIPPluginJar : add gpio
2024-09-12 10:32:41,469 [INFO] IPUIPlugin:80 - create IPUIPlugin
2024-09-12 10:32:41,469 [INFO] PluginManager:220 - loadIPPluginJar : add comp
2024-09-12 10:32:41,470 [INFO] IPUIPlugin:80 - create IPUIPlugin
2024-09-12 10:32:41,470 [INFO] PluginManager:220 - loadIPPluginJar : add tracer_emb
2024-09-12 10:32:41,474 [INFO] IPUIPlugin:80 - create IPUIPlugin
2024-09-12 10:32:41,475 [INFO] PluginManager:220 - loadIPPluginJar : add openamp
2024-09-12 10:32:41,477 [INFO] IPUIPlugin:80 - create IPUIPlugin
2024-09-12 10:32:41,477 [INFO] PluginManager:220 - loadIPPluginJar : add stm32_wpan
2024-09-12 10:32:41,480 [INFO] IPUIPlugin:80 - create IPUIPlugin
2024-09-12 10:32:41,483 [INFO] PluginManager:220 - loadIPPluginJar : add plateformsettings
2024-09-12 10:32:41,486 [INFO] IPUIPlugin:80 - create IPUIPlugin
2024-09-12 10:32:41,486 [INFO] PluginManager:220 - loadIPPluginJar : add ipddr
2024-09-12 10:32:41,488 [INFO] IPUIPlugin:80 - create IPUIPlugin
2024-09-12 10:32:41,488 [INFO] PluginManager:220 - loadIPPluginJar : add usart
2024-09-12 10:32:41,489 [INFO] IPUIPlugin:80 - create IPUIPlugin
2024-09-12 10:32:41,489 [INFO] PluginManager:220 - loadIPPluginJar : add ltdc
2024-09-12 10:32:41,490 [INFO] IPUIPlugin:80 - create IPUIPlugin
2024-09-12 10:32:41,490 [INFO] PluginManager:220 - loadIPPluginJar : add nvic
2024-09-12 10:32:41,491 [INFO] IPUIPlugin:80 - create IPUIPlugin
2024-09-12 10:32:41,491 [INFO] PluginManager:220 - loadIPPluginJar : add fatfs
2024-09-12 10:32:41,496 [INFO] IPUIPlugin:80 - create IPUIPlugin
2024-09-12 10:32:41,496 [INFO] PluginManager:220 - loadIPPluginJar : add linkedlist
2024-09-12 10:32:41,498 [INFO] IPUIPlugin:80 - create IPUIPlugin
2024-09-12 10:32:41,499 [INFO] PluginManager:220 - loadIPPluginJar : add dma
2024-09-12 10:32:41,500 [INFO] IPUIPlugin:80 - create IPUIPlugin
2024-09-12 10:32:41,501 [INFO] PluginManager:220 - loadIPPluginJar : add fmc
2024-09-12 10:32:41,501 [INFO] IPUIPlugin:80 - create IPUIPlugin
2024-09-12 10:32:41,502 [INFO] PluginManager:220 - loadIPPluginJar : add i2s
2024-09-12 10:32:41,502 [INFO] IPUIPlugin:80 - create IPUIPlugin
2024-09-12 10:32:41,502 [INFO] PluginManager:220 - loadIPPluginJar : add ucpd
2024-09-12 10:32:41,503 [INFO] IPUIPlugin:80 - create IPUIPlugin
2024-09-12 10:32:41,503 [INFO] PluginManager:220 - loadIPPluginJar : add lorawan
2024-09-12 10:32:41,504 [INFO] IPUIPlugin:80 - create IPUIPlugin
2024-09-12 10:32:41,505 [INFO] PluginManager:220 - loadIPPluginJar : add opamp
2024-09-12 10:32:41,506 [INFO] IPUIPlugin:80 - create IPUIPlugin
2024-09-12 10:32:41,506 [INFO] PluginManager:220 - loadIPPluginJar : add i3c
2024-09-12 10:32:41,507 [INFO] IPUIPlugin:80 - create IPUIPlugin
2024-09-12 10:32:41,508 [INFO] PluginManager:220 - loadIPPluginJar : add touchsensing
2024-09-12 10:32:41,509 [INFO] IPUIPlugin:80 - create IPUIPlugin
2024-09-12 10:32:41,509 [INFO] PluginManager:220 - loadIPPluginJar : add i2c
2024-09-12 10:32:41,510 [INFO] IPUIPlugin:80 - create IPUIPlugin
2024-09-12 10:32:41,510 [INFO] PluginManager:220 - loadIPPluginJar : add resmgrutility
2024-09-12 10:32:41,511 [INFO] IPUIPlugin:80 - create IPUIPlugin
2024-09-12 10:32:41,511 [INFO] PluginManager:220 - loadIPPluginJar : add sai
2024-09-12 10:32:41,513 [INFO] IPUIPlugin:80 - create IPUIPlugin
2024-09-12 10:32:41,513 [INFO] PluginManager:220 - loadIPPluginJar : add usbx
2024-09-12 10:32:41,619 [INFO] CADModel:165 - CPN selected for project level
2024-09-12 10:32:41,620 [INFO] CADModel:114 - Register for checkConnection events
2024-09-12 10:32:41,620 [FATAL] Updater:308 - Updater called before beeing initialized
2024-09-12 10:32:41,620 [ERROR] CADModel:125 - Updater not yet initialized, retry later 
2024-09-12 10:32:41,831 [INFO] CADModel:165 - CPN selected for project level
2024-09-12 10:32:41,832 [INFO] CADModel:114 - Register for checkConnection events
2024-09-12 10:32:41,832 [FATAL] Updater:308 - Updater called before beeing initialized
2024-09-12 10:32:41,832 [ERROR] CADModel:125 - Updater not yet initialized, retry later 
2024-09-12 10:32:41,834 [FATAL] Updater:308 - Updater called before beeing initialized
2024-09-12 10:32:42,044 [FATAL] Updater:308 - Updater called before beeing initialized
2024-09-12 10:32:42,051 [INFO] DbMcusAds:53 - JSON generation date=Thu May 16 15:22:00 BDT 2024 (1715851320667)
2024-09-12 10:32:42,052 [FATAL] Updater:308 - Updater called before beeing initialized
2024-09-12 10:32:43,117 [WARN] DetailPanel:346 - Failed to get advertising image, set to default
2024-09-12 10:32:43,197 [FATAL] Updater:308 - Updater called before beeing initialized
2024-09-12 10:32:43,199 [FATAL] Updater:308 - Updater called before beeing initialized
2024-09-12 10:32:43,199 [FATAL] Updater:308 - Updater called before beeing initialized
2024-09-12 10:32:43,199 [WARN] DetailPanel:346 - Failed to get advertising image, set to default
2024-09-12 10:32:43,199 [FATAL] Updater:308 - Updater called before beeing initialized
2024-09-12 10:32:43,259 [ERROR] Updater:1120 - MainUpdater not yet initialized. External WinMGr cannot be set.
2024-09-12 10:32:43,303 [INFO] Updater:1056 - Updater Version found : 6.11.1
2024-09-12 10:32:43,314 [INFO] ApplicationProperties:184 - Using Application install path: /Applications/STM32CubeIDE.app/Contents/Eclipse/plugins/com.st.stm32cube.common.mx_6.11.1.202404110753
2024-09-12 10:32:43,968 [INFO] ThirdPartyUpdaterWithRetryManager:70 - Updater plugin not ready yet. [2/15]
2024-09-12 10:32:44,320 [INFO] MainUpdater:2873 - connection check result : 10
2024-09-12 10:32:44,320 [INFO] MainUpdater:3567 - Updater definition file requires update
2024-09-12 10:32:44,321 [INFO] MainUpdater:290 - Updater Check For Update Now.
2024-09-12 10:32:44,321 [INFO] MicroXplorer:498 - Change Database Version : DB.6.0.111
2024-09-12 10:32:44,326 [INFO] McuFinderGlobals:63 - Set McuFinder mode to 2 (CubeIDE integrated)
2024-09-12 10:32:44,338 [INFO] UserAuth:415 - Internet connection configuration mode: 1
2024-09-12 10:32:44,348 [INFO] JxBrowserEngine:152 - Initiate JxBrowser Engine with user profile folder
2024-09-12 10:32:44,510 [INFO] ServerAccessManage:473 - Download File updaters.zip
2024-09-12 10:32:44,790 [INFO] FileExtend:240 - Unzip File : updaters.zip
2024-09-12 10:32:44,791 [INFO] FileExtend:255 - Standard Zip Deflate
2024-09-12 10:32:45,133 [INFO] ServerAccessManage:473 - Download File PacksControlFlags.xml
2024-09-12 10:32:45,377 [INFO] ServerAccessManage:473 - Download File cubemx.pidx
2024-09-12 10:32:45,991 [INFO] ServerAccessManage:473 - Download File STMicroelectronics.FP-SNS-STBOX1.pdsc
2024-09-12 10:32:46,978 [WARN] MainUpdater:1194 - Updater busy. Cannot search thirdparties
2024-09-12 10:32:46,980 [INFO] ThirdPartyUpdaterWithRetryManager:96 - Updater plugin is busy. [1/15]
2024-09-12 10:32:47,045 [INFO] ServerAccessManage:473 - Download File STMicroelectronics.X-CUBE-DPOWER.pdsc
2024-09-12 10:32:48,272 [ERROR] ServerAccessManage:1089 - Problem, file not found on Server
2024-09-12 10:32:49,296 [ERROR] ServerAccessManage:1089 - Problem, file not found on Server
2024-09-12 10:32:49,986 [WARN] MainUpdater:1194 - Updater busy. Cannot search thirdparties
2024-09-12 10:32:49,987 [INFO] ThirdPartyUpdaterWithRetryManager:96 - Updater plugin is busy. [2/15]
2024-09-12 10:32:50,319 [ERROR] ServerAccessManage:1089 - Problem, file not found on Server
2024-09-12 10:32:50,731 [ERROR] ServerAccessManage:1089 - Problem, file not found on Server
2024-09-12 10:32:51,774 [ERROR] ServerAccessManage:1089 - Problem, file not found on Server
2024-09-12 10:32:52,783 [ERROR] ServerAccessManage:1089 - Problem, file not found on Server
2024-09-12 10:32:52,808 [INFO] WebApp:161 - Instantiating new browser for Auth
2024-09-12 10:32:52,991 [WARN] MainUpdater:1194 - Updater busy. Cannot search thirdparties
2024-09-12 10:32:52,991 [INFO] ThirdPartyUpdaterWithRetryManager:96 - Updater plugin is busy. [3/15]
2024-09-12 10:32:53,289 [ERROR] ServerAccessManage:1089 - Problem, file not found on Server
2024-09-12 10:32:53,700 [ERROR] ServerAccessManage:1089 - Problem, file not found on Server
2024-09-12 10:32:53,905 [INFO] WebApp:779 - Register for checkConnection events
2024-09-12 10:32:53,905 [INFO] WebApp:414 - Apply proxy settings
2024-09-12 10:32:53,917 [INFO] WebApp:459 - Chromium authenticates against Manually configured proxy
2024-09-12 10:32:53,933 [INFO] WebApp:467 - Username used for proxy authentication: 
2024-09-12 10:32:54,067 [INFO] WebApp:192 - Starting web application
2024-09-12 10:32:54,067 [INFO] WebApp:544 - Web application path used /Applications/STM32CubeIDE.app/Contents/Eclipse/plugins/com.st.stm32cube.common.mx_6.11.1.202404110753/db/plugins/mcufinder/reactClient1/index.html
2024-09-12 10:32:54,108 [ERROR] ServerAccessManage:1089 - Problem, file not found on Server
2024-09-12 10:32:55,139 [ERROR] ServerAccessManage:1089 - Problem, file not found on Server
2024-09-12 10:32:55,998 [WARN] MainUpdater:1194 - Updater busy. Cannot search thirdparties
2024-09-12 10:32:55,998 [INFO] ThirdPartyUpdaterWithRetryManager:96 - Updater plugin is busy. [4/15]
2024-09-12 10:32:56,126 [ERROR] ServerAccessManage:1089 - Problem, file not found on Server
2024-09-12 10:32:56,604 [INFO] ServerAccessManage:473 - Download File STMicroelectronics.X-CUBE-GNSS1.pdsc
2024-09-12 10:32:59,005 [WARN] MainUpdater:1194 - Updater busy. Cannot search thirdparties
2024-09-12 10:32:59,006 [INFO] ThirdPartyUpdaterWithRetryManager:96 - Updater plugin is busy. [5/15]
2024-09-12 10:33:00,180 [ERROR] ServerAccessManage:1089 - Problem, file not found on Server
2024-09-12 10:33:01,175 [ERROR] ServerAccessManage:1089 - Problem, file not found on Server
2024-09-12 10:33:02,016 [WARN] MainUpdater:1194 - Updater busy. Cannot search thirdparties
2024-09-12 10:33:02,031 [INFO] ThirdPartyUpdaterWithRetryManager:96 - Updater plugin is busy. [6/15]
2024-09-12 10:33:02,199 [ERROR] ServerAccessManage:1089 - Problem, file not found on Server
2024-09-12 10:33:02,595 [ERROR] ServerAccessManage:1089 - Problem, file not found on Server
2024-09-12 10:33:03,002 [ERROR] ServerAccessManage:1089 - Problem, file not found on Server
2024-09-12 10:33:03,363 [ERROR] ServerAccessManage:1089 - Problem, file not found on Server
2024-09-12 10:33:03,669 [INFO] ServerAccessManage:473 - Download File STMicroelectronics.X-CUBE-MEMS1.pdsc
2024-09-12 10:33:05,044 [WARN] MainUpdater:1194 - Updater busy. Cannot search thirdparties
2024-09-12 10:33:05,046 [INFO] ThirdPartyUpdaterWithRetryManager:96 - Updater plugin is busy. [7/15]
2024-09-12 10:33:08,051 [WARN] MainUpdater:1194 - Updater busy. Cannot search thirdparties
2024-09-12 10:33:08,052 [INFO] ThirdPartyUpdaterWithRetryManager:96 - Updater plugin is busy. [8/15]
2024-09-12 10:33:11,061 [WARN] MainUpdater:1194 - Updater busy. Cannot search thirdparties
2024-09-12 10:33:11,065 [INFO] ThirdPartyUpdaterWithRetryManager:96 - Updater plugin is busy. [9/15]
2024-09-12 10:33:11,859 [INFO] ServerAccessManage:473 - Download File STMicroelectronics.X-CUBE-TOF1.pdsc
2024-09-12 10:33:14,070 [WARN] MainUpdater:1194 - Updater busy. Cannot search thirdparties
2024-09-12 10:33:14,071 [INFO] ThirdPartyUpdaterWithRetryManager:96 - Updater plugin is busy. [10/15]
2024-09-12 10:33:15,122 [ERROR] ServerAccessManage:1089 - Problem, file not found on Server
2024-09-12 10:33:16,112 [INFO] ServerAccessManage:473 - Download File STMicroelectronics.X-CUBE-AZRTOS-H7.pdsc
2024-09-12 10:33:17,073 [WARN] MainUpdater:1194 - Updater busy. Cannot search thirdparties
2024-09-12 10:33:17,073 [INFO] ThirdPartyUpdaterWithRetryManager:96 - Updater plugin is busy. [11/15]
2024-09-12 10:33:20,079 [WARN] MainUpdater:1194 - Updater busy. Cannot search thirdparties
2024-09-12 10:33:20,079 [INFO] ThirdPartyUpdaterWithRetryManager:96 - Updater plugin is busy. [12/15]
2024-09-12 10:33:20,228 [INFO] ServerAccessManage:473 - Download File wolfSSL.I-CUBE-wolfTPM.pdsc
2024-09-12 10:33:23,090 [WARN] MainUpdater:1194 - Updater busy. Cannot search thirdparties
2024-09-12 10:33:23,095 [INFO] ThirdPartyUpdaterWithRetryManager:96 - Updater plugin is busy. [13/15]
2024-09-12 10:33:23,544 [INFO] ServerAccessManage:473 - Download File wolfSSL.I-CUBE-wolfSSH.pdsc
2024-09-12 10:33:26,102 [WARN] MainUpdater:1194 - Updater busy. Cannot search thirdparties
2024-09-12 10:33:26,102 [INFO] ThirdPartyUpdaterWithRetryManager:96 - Updater plugin is busy. [14/15]
2024-09-12 10:33:27,696 [INFO] ServerAccessManage:473 - Download File RealThread.X-CUBE-RT-Thread_Nano.pdsc
2024-09-12 10:33:29,115 [WARN] MainUpdater:1194 - Updater busy. Cannot search thirdparties
2024-09-12 10:33:29,119 [INFO] ThirdPartyUpdaterWithRetryManager:96 - Updater plugin is busy. [15/15]
2024-09-12 10:33:29,125 [ERROR] IntegrityCheckThread:130 - Cannot retrieve database content from updater: error -1
2024-09-12 10:33:29,130 [INFO] ThirdParty:978 - Integrity check success = false
2024-09-12 10:33:29,130 [INFO] IntegrityCheckThread:100 - exiting critical section [integrity check]
2024-09-12 10:33:29,130 [INFO] IntegrityCheckThread:103 - End integrity checks thread
2024-09-12 10:33:29,597 [INFO] ServerAccessManage:473 - Download File EmbeddedOffice.I-CUBE-FS-RTOS.pdsc
2024-09-12 10:33:30,210 [WARN] PackLoader:240 - Cannot read IP mode file for STMicroelectronics.FP-SNS-STBOX1.2.0.0
2024-09-12 10:33:30,294 [WARN] PackLoader:240 - Cannot read IP mode file for STMicroelectronics.X-CUBE-DPower.1.2.0
2024-09-12 10:33:30,321 [WARN] PackLoader:240 - Cannot read IP mode file for STMicroelectronics.X-CUBE-GNSS1.7.0.0
2024-09-12 10:33:30,393 [INFO] CheckServerUpdateThread:120 - End of CheckServer Thread
2024-09-12 10:33:30,657 [WARN] PackLoader:240 - Cannot read IP mode file for STMicroelectronics.X-CUBE-MEMS1.11.0.0
2024-09-12 10:33:30,881 [WARN] PackLoader:240 - Cannot read IP mode file for STMicroelectronics.X-CUBE-TOF1.3.4.2
2024-09-12 10:33:30,982 [WARN] PackLoader:240 - Cannot read IP mode file for STMicroelectronics.X-CUBE-AZRTOS-H7.3.3.0
2024-09-12 10:33:30,996 [WARN] PackLoader:240 - Cannot read IP mode file for wolfSSL.I-CUBE-wolfTPM.3.4.0
2024-09-12 10:33:31,000 [WARN] PackLoader:240 - Cannot read IP mode file for wolfSSL.I-CUBE-wolfSSH.1.4.17
2024-09-12 10:33:31,006 [WARN] PackLoader:240 - Cannot read IP mode file for RealThread.X-CUBE-RT-Thread_Nano.4.1.1
2024-09-12 10:33:31,023 [WARN] PackLoader:240 - Cannot read IP mode file for EmbeddedOffice.I-CUBE-FS-RTOS.1.0.1
2024-09-12 10:33:31,024 [ERROR] ConditionMgr:805 - Attr not supported : Dmpu
2024-09-12 10:33:31,025 [ERROR] ConditionMgr:805 - Attr not supported : Dmpu
2024-09-12 10:33:31,025 [ERROR] ConditionMgr:805 - Attr not supported : Dmpu
2024-09-12 10:33:31,025 [ERROR] ConditionMgr:805 - Attr not supported : Dmpu
2024-09-12 10:33:31,025 [ERROR] ConditionMgr:805 - Attr not supported : Dmpu
2024-09-12 10:33:31,025 [ERROR] ConditionMgr:805 - Attr not supported : Dmpu
2024-09-12 10:33:31,025 [ERROR] ConditionMgr:805 - Attr not supported : Dmpu
2024-09-12 10:33:31,025 [ERROR] ConditionMgr:805 - Attr not supported : Dmpu
2024-09-12 10:33:31,025 [ERROR] ConditionMgr:805 - Attr not supported : Dmpu
2024-09-12 10:33:31,025 [ERROR] ConditionMgr:805 - Attr not supported : Dmpu
2024-09-12 10:33:31,025 [ERROR] ConditionMgr:805 - Attr not supported : Dmpu
2024-09-12 10:33:31,025 [ERROR] ConditionMgr:805 - Attr not supported : Dmpu
2024-09-12 10:33:31,025 [ERROR] ConditionMgr:805 - Attr not supported : Dmpu
2024-09-12 10:33:31,025 [ERROR] ConditionMgr:805 - Attr not supported : Dmpu
2024-09-12 10:33:31,025 [ERROR] ConditionMgr:805 - Attr not supported : Dmpu
2024-09-12 10:33:31,025 [ERROR] ConditionMgr:805 - Attr not supported : Dmpu
2024-09-12 10:33:31,025 [ERROR] ConditionMgr:805 - Attr not supported : Dmpu
2024-09-12 10:33:31,025 [ERROR] ConditionMgr:805 - Attr not supported : Dmpu
2024-09-12 10:33:31,025 [ERROR] ConditionMgr:805 - Attr not supported : Dmpu
2024-09-12 10:33:31,025 [ERROR] ConditionMgr:805 - Attr not supported : Dmpu
2024-09-12 10:33:31,025 [ERROR] ConditionMgr:805 - Attr not supported : Dmpu
2024-09-12 10:33:31,025 [ERROR] ConditionMgr:805 - Attr not supported : Dmpu
2024-09-12 10:33:31,025 [ERROR] ConditionMgr:805 - Attr not supported : Dmpu
2024-09-12 10:33:31,025 [ERROR] ConditionMgr:805 - Attr not supported : Dmpu
2024-09-12 10:33:31,026 [ERROR] ConditionMgr:805 - Attr not supported : Dmpu
2024-09-12 10:33:31,026 [ERROR] ConditionMgr:805 - Attr not supported : Dmpu
2024-09-12 10:33:31,026 [ERROR] ConditionMgr:805 - Attr not supported : Dmpu
2024-09-12 10:33:31,026 [ERROR] ConditionMgr:805 - Attr not supported : Dmpu
2024-09-12 10:33:31,026 [ERROR] ConditionMgr:805 - Attr not supported : Dmpu
2024-09-12 10:33:31,026 [ERROR] ConditionMgr:805 - Attr not supported : Dmpu
2024-09-12 10:33:31,026 [ERROR] ConditionMgr:805 - Attr not supported : Dmpu
2024-09-12 10:33:31,026 [ERROR] ConditionMgr:805 - Attr not supported : Dmpu
2024-09-12 10:33:31,026 [ERROR] ConditionMgr:805 - Attr not supported : Dmpu
2024-09-12 10:33:31,026 [ERROR] ConditionMgr:805 - Attr not supported : Dmpu
2024-09-12 10:33:31,026 [ERROR] ConditionMgr:805 - Attr not supported : Dmpu
2024-09-12 10:33:31,026 [ERROR] ConditionMgr:805 - Attr not supported : Dmpu
2024-09-12 10:33:31,026 [ERROR] ConditionMgr:805 - Attr not supported : Dmpu
2024-09-12 10:33:31,026 [ERROR] ConditionMgr:805 - Attr not supported : Dmpu
2024-09-12 10:33:31,027 [ERROR] ConditionMgr:805 - Attr not supported : Dmpu
2024-09-12 10:33:31,027 [ERROR] ConditionMgr:805 - Attr not supported : Dmpu
2024-09-12 10:33:31,027 [ERROR] ConditionMgr:805 - Attr not supported : Dmpu
2024-09-12 10:33:31,027 [ERROR] ConditionMgr:805 - Attr not supported : Dmpu
2024-09-12 10:33:31,027 [ERROR] ConditionMgr:805 - Attr not supported : Dmpu
2024-09-12 10:33:31,027 [ERROR] ConditionMgr:805 - Attr not supported : Dmpu
2024-09-12 10:33:31,027 [ERROR] ConditionMgr:805 - Attr not supported : Dmpu
2024-09-12 10:33:31,027 [ERROR] ConditionMgr:805 - Attr not supported : Dmpu
2024-09-12 10:33:31,027 [ERROR] ConditionMgr:805 - Attr not supported : Dmpu
2024-09-12 10:33:31,027 [ERROR] ConditionMgr:805 - Attr not supported : Dmpu
2024-09-12 10:33:31,027 [ERROR] ConditionMgr:805 - Attr not supported : Dmpu
2024-09-12 10:33:31,027 [ERROR] ConditionMgr:805 - Attr not supported : Dmpu
2024-09-12 10:33:31,027 [ERROR] ConditionMgr:805 - Attr not supported : Dmpu
2024-09-12 10:33:31,027 [ERROR] ConditionMgr:805 - Attr not supported : Dmpu
2024-09-12 10:33:31,027 [ERROR] ConditionMgr:805 - Attr not supported : Dmpu
2024-09-12 10:33:31,027 [ERROR] ConditionMgr:805 - Attr not supported : Dmpu
2024-09-12 10:33:31,027 [ERROR] ConditionMgr:805 - Attr not supported : Dmpu
2024-09-12 10:33:31,027 [ERROR] ConditionMgr:805 - Attr not supported : Dmpu
2024-09-12 10:33:31,027 [ERROR] ConditionMgr:805 - Attr not supported : Dmpu
2024-09-12 10:33:31,027 [ERROR] ConditionMgr:805 - Attr not supported : Dmpu
2024-09-12 10:33:31,027 [ERROR] ConditionMgr:805 - Attr not supported : Dmpu
2024-09-12 10:33:31,027 [ERROR] ConditionMgr:805 - Attr not supported : Dmpu
2024-09-12 10:33:31,027 [ERROR] ConditionMgr:805 - Attr not supported : Dmpu
2024-09-12 10:33:31,028 [ERROR] ConditionMgr:805 - Attr not supported : Dmpu
2024-09-12 10:33:31,028 [ERROR] ConditionMgr:805 - Attr not supported : Dmpu
2024-09-12 10:33:31,028 [ERROR] ConditionMgr:805 - Attr not supported : Dmpu
2024-09-12 10:33:31,028 [INFO] PopulateThirdPartyThread:66 - Ending populate Thread
2024-09-12 10:33:31,033 [INFO] ThirdParty:1030 - CMSIS Pack Vendor :STMicroelectronics FP-SNS-STBOX1 2.0.0
2024-09-12 10:33:31,033 [INFO] ThirdParty:1030 - CMSIS Pack Vendor :STMicroelectronics X-CUBE-AZRTOS-H7 3.3.0
2024-09-12 10:33:31,033 [INFO] ThirdParty:1030 - CMSIS Pack Vendor :EmbeddedOffice I-CUBE-FS-RTOS 1.0.1
2024-09-12 10:33:31,033 [INFO] ThirdParty:1030 - CMSIS Pack Vendor :STMicroelectronics X-CUBE-GNSS1 7.0.0
2024-09-12 10:33:31,033 [INFO] ThirdParty:1030 - CMSIS Pack Vendor :STMicroelectronics X-CUBE-TOF1 3.4.2
2024-09-12 10:33:31,033 [INFO] ThirdParty:1030 - CMSIS Pack Vendor :RealThread X-CUBE-RT-Thread_Nano 4.1.1
2024-09-12 10:33:31,033 [INFO] ThirdParty:1030 - CMSIS Pack Vendor :STMicroelectronics X-CUBE-MEMS1 11.0.0
2024-09-12 10:33:31,033 [INFO] ThirdParty:1030 - CMSIS Pack Vendor :wolfSSL I-CUBE-wolfTPM 3.4.0
2024-09-12 10:33:31,033 [INFO] ThirdParty:1030 - CMSIS Pack Vendor :STMicroelectronics X-CUBE-DPower 1.2.0
2024-09-12 10:33:31,033 [INFO] ThirdParty:1030 - CMSIS Pack Vendor :wolfSSL I-CUBE-wolfSSH 1.4.17
2024-09-12 10:33:31,033 [INFO] LoadServerUpdatesThread:375 - End of LoadServerUpdate Thread
2024-09-12 12:39:45,979 [ERROR] LogOutputStream:75 - [STDERR_REDIRECT] 
